#
# A fatal error has been detected by the Java Runtime Environment:
#
#  EXCEPTION_STACK_OVERFLOW (0xc00000fd) at pc=0x02bc5840, pid=9804, tid=17316
#
# JRE version: OpenJDK Runtime Environment (8.0_43-b03) (build 1.8.0_43-b03)
# Java VM: OpenJDK Client VM (25.40-b25 mixed mode windows-x86 )
# Problematic frame:
# J 404 C1 org.example.Algos.MedianOfMedians.findMedian([IIII)I (263 bytes) @ 0x02bc5840 [0x02bc5830+0x10]
#
# Failed to write core dump. Minidumps are not enabled by default on client versions of Windows
#
# If you would like to submit a bug report, please visit:
#   http://bugreport.java.com/bugreport/crash.jsp
#

---------------  T H R E A D  ---------------

Current thread (0x0272e800):  JavaThread "main" [_thread_in_Java, id=17316, stack(0x02660000,0x026b0000)]

siginfo: ExceptionCode=0xc00000fd, ExceptionInformation=0x00000001 0x02660fcc 

Registers:
EAX=0x00000001, EBX=0x0000002e, ECX=0x0a306108, EDX=0x0a306148
ESP=0x02664fcc, EBP=0x02666fa4, ESI=0x0000002f, EDI=0x0000002f
EIP=0x02bc5840, EFLAGS=0x00010202

Top of Stack: (sp=0x02664fcc)
0x02664fcc:   02bc5af8 0000002f 0000002e 00000001
0x02664fdc:   00000000 00000000 00000000 00000000
0x02664fec:   00000000 0a306108 00000001 00000000
0x02664ffc:   0000002f 00000000 0a306148 00000000
0x0266500c:   0000002f 0a306148 0533eb98 00000000
0x0266501c:   00000000 00000000 00000160 02666fa4
0x0266502c:   02bc5af8 0000002f 0000002e 00000001
0x0266503c:   00000000 00000000 00000000 00000000 

Instructions: (pc=0x02bc5840)
0x02bc5820:   06 90 05 68 00 00 00 00 00 00 00 00 00 00 00 00
0x02bc5830:   90 90 90 90 90 90 90 3b 41 04 0f 85 c0 5a f1 ff
0x02bc5840:   89 84 24 00 c0 ff ff 55 83 ec 58 89 4c 24 20 8b
0x02bc5850:   44 24 68 8b 5c 24 60 8b f3 89 44 24 24 8b 7c 24 


Register to memory mapping:

EAX=0x00000001 is an unknown value
EBX=0x0000002e is an unknown value
ECX=0x0a306108 is an oop
org.example.Algos.MedianOfMedians 
 - klass: 'org/example/Algos/MedianOfMedians'
EDX=0x0a306148 is an oop
[I 
 - klass: {type array int}
 - length: 100
ESP=0x02664fcc is pointing into the stack for thread: 0x0272e800
EBP=0x02666fa4 is pointing into the stack for thread: 0x0272e800
ESI=0x0000002f is an unknown value
EDI=0x0000002f is an unknown value


Stack: [0x02660000,0x026b0000],  sp=0x02664fcc,  free space=19k
Native frames: (J=compiled Java code, j=interpreted, Vv=VM code, C=native code)
J 404 C1 org.example.Algos.MedianOfMedians.findMedian([IIII)I (263 bytes) @ 0x02bc5840 [0x02bc5830+0x10]
C  0x02666fa4


---------------  P R O C E S S  ---------------

Java Threads: ( => current thread )
  0x15105400 JavaThread "Service Thread" daemon [_thread_blocked, id=11668, stack(0x15690000,0x156e0000)]
  0x150b5400 JavaThread "C1 CompilerThread0" daemon [_thread_blocked, id=7304, stack(0x15600000,0x15650000)]
  0x150a6000 JavaThread "JDWP Event Helper Thread" daemon [_thread_blocked, id=1912, stack(0x154e0000,0x15530000)]
  0x150a4800 JavaThread "JDWP Transport Listener: dt_socket" daemon [_thread_blocked, id=19280, stack(0x15450000,0x154a0000)]
  0x1508e400 JavaThread "Attach Listener" daemon [_thread_blocked, id=8560, stack(0x153c0000,0x15410000)]
  0x1508c400 JavaThread "Signal Dispatcher" daemon [_thread_blocked, id=15420, stack(0x15330000,0x15380000)]
  0x15068c00 JavaThread "Finalizer" daemon [_thread_blocked, id=18820, stack(0x152a0000,0x152f0000)]
  0x15063000 JavaThread "Reference Handler" daemon [_thread_blocked, id=18268, stack(0x04b90000,0x04be0000)]
=>0x0272e800 JavaThread "main" [_thread_in_Java, id=17316, stack(0x02660000,0x026b0000)]

Other Threads:
  0x02a9dc00 VMThread [stack: 0x04b00000,0x04b50000] [id=3688]
  0x15106c00 WatcherThread [stack: 0x15720000,0x15770000] [id=9908]

VM state:synchronizing (normal execution)

VM Mutex/Monitor currently owned by a thread:  ([mutex/lock_event])
[0x0272d8c8] Safepoint_lock - owner thread: 0x02a9dc00
[0x0272d1e0] Threads_lock - owner thread: 0x02a9dc00

Heap:
 def new generation   total 77056K, used 8225K [0x04c00000, 0x09f90000, 0x0a150000)
  eden space 68544K,  12% used [0x04c00000, 0x05408540, 0x08ef0000)
  from space 8512K,   0% used [0x09740000, 0x097400a0, 0x09f90000)
  to   space 8512K,   0% used [0x08ef0000, 0x08ef0000, 0x09740000)
 tenured generation   total 171052K, used 133878K [0x0a150000, 0x1485b000, 0x14c00000)
   the space 171052K,  78% used [0x0a150000, 0x1240d960, 0x1240da00, 0x1485b000)
 Metaspace       used 4949K, capacity 5633K, committed 5760K, reserved 6528K

Card table byte_map: [0x027c0000,0x02850000] byte_map_base: 0x0279a000

Polling page: 0x00e60000

CodeCache: size=32768Kb used=1176Kb max_used=1176Kb free=31591Kb
 bounds [0x02aa0000, 0x02bc8000, 0x04aa0000]
 total_blobs=544 nmethods=403 adapters=81
 compilation: enabled

Compilation events (10 events):
Event: 1.169 Thread 0x150b5400  399 %           org.example.Algos.Utility::randomArray @ 6 (26 bytes)
Event: 1.170 Thread 0x150b5400 nmethod 399% 0x02bc3dc8 code [0x02bc3f20, 0x02bc41ec]
Event: 10.778 Thread 0x150b5400  400             jdk.internal.org.objectweb.asm.ByteVector::enlarge (51 bytes)
Event: 10.778 Thread 0x150b5400 nmethod 400 0x02bc4548 code [0x02bc4650, 0x02bc480c]
Event: 10.789 Thread 0x150b5400  402             sun.invoke.util.BytecodeDescriptor::unparseMethod (68 bytes)
Event: 10.790 Thread 0x150b5400 nmethod 402 0x02bc4a08 code [0x02bc4b80, 0x02bc4ee0]
Event: 10.819 Thread 0x150b5400  403             java.lang.invoke.MethodHandleNatives::refKindIsField (32 bytes)
Event: 10.819 Thread 0x150b5400 nmethod 403 0x02bc5508 code [0x02bc5600, 0x02bc5680]
Event: 93.282 Thread 0x150b5400  404             org.example.Algos.MedianOfMedians::findMedian (263 bytes)
Event: 93.283 Thread 0x150b5400 nmethod 404 0x02bc56c8 code [0x02bc5830, 0x02bc5cdc]

GC Heap History (10 events):
Event: 10.387 GC heap before
{Heap before GC invocations=298 (full 3):
 def new generation   total 77056K, used 68544K [0x04c00000, 0x09f90000, 0x0a150000)
  eden space 68544K, 100% used [0x04c00000, 0x08ef0000, 0x08ef0000)
  from space 8512K,   0% used [0x08ef0000, 0x08ef0018, 0x09740000)
  to   space 8512K,   0% used [0x09740000, 0x09740000, 0x09f90000)
 tenured generation   total 171052K, used 133878K [0x0a150000, 0x1485b000, 0x14c00000)
   the space 171052K,  78% used [0x0a150000, 0x1240d960, 0x1240da00, 0x1485b000)
 Metaspace       used 4870K, capacity 5546K, committed 5632K, reserved 6528K
Event: 10.387 GC heap after
Heap after GC invocations=299 (full 3):
 def new generation   total 77056K, used 0K [0x04c00000, 0x09f90000, 0x0a150000)
  eden space 68544K,   0% used [0x04c00000, 0x04c00000, 0x08ef0000)
  from space 8512K,   0% used [0x09740000, 0x09740050, 0x09f90000)
  to   space 8512K,   0% used [0x08ef0000, 0x08ef0000, 0x09740000)
 tenured generation   total 171052K, used 133878K [0x0a150000, 0x1485b000, 0x14c00000)
   the space 171052K,  78% used [0x0a150000, 0x1240d960, 0x1240da00, 0x1485b000)
 Metaspace       used 4870K, capacity 5546K, committed 5632K, reserved 6528K
}
Event: 10.482 GC heap before
{Heap before GC invocations=299 (full 3):
 def new generation   total 77056K, used 68544K [0x04c00000, 0x09f90000, 0x0a150000)
  eden space 68544K, 100% used [0x04c00000, 0x08ef0000, 0x08ef0000)
  from space 8512K,   0% used [0x09740000, 0x09740050, 0x09f90000)
  to   space 8512K,   0% used [0x08ef0000, 0x08ef0000, 0x09740000)
 tenured generation   total 171052K, used 133878K [0x0a150000, 0x1485b000, 0x14c00000)
   the space 171052K,  78% used [0x0a150000, 0x1240d960, 0x1240da00, 0x1485b000)
 Metaspace       used 4870K, capacity 5546K, committed 5632K, reserved 6528K
Event: 10.483 GC heap after
Heap after GC invocations=300 (full 3):
 def new generation   total 77056K, used 0K [0x04c00000, 0x09f90000, 0x0a150000)
  eden space 68544K,   0% used [0x04c00000, 0x04c00000, 0x08ef0000)
  from space 8512K,   0% used [0x08ef0000, 0x08ef00a0, 0x09740000)
  to   space 8512K,   0% used [0x09740000, 0x09740000, 0x09f90000)
 tenured generation   total 171052K, used 133878K [0x0a150000, 0x1485b000, 0x14c00000)
   the space 171052K,  78% used [0x0a150000, 0x1240d960, 0x1240da00, 0x1485b000)
 Metaspace       used 4870K, capacity 5546K, committed 5632K, reserved 6528K
}
Event: 10.577 GC heap before
{Heap before GC invocations=300 (full 3):
 def new generation   total 77056K, used 68544K [0x04c00000, 0x09f90000, 0x0a150000)
  eden space 68544K, 100% used [0x04c00000, 0x08ef0000, 0x08ef0000)
  from space 8512K,   0% used [0x08ef0000, 0x08ef00a0, 0x09740000)
  to   space 8512K,   0% used [0x09740000, 0x09740000, 0x09f90000)
 tenured generation   total 171052K, used 133878K [0x0a150000, 0x1485b000, 0x14c00000)
   the space 171052K,  78% used [0x0a150000, 0x1240d960, 0x1240da00, 0x1485b000)
 Metaspace       used 4870K, capacity 5546K, committed 5632K, reserved 6528K
Event: 10.578 GC heap after
Heap after GC invocations=301 (full 3):
 def new generation   total 77056K, used 0K [0x04c00000, 0x09f90000, 0x0a150000)
  eden space 68544K,   0% used [0x04c00000, 0x04c00000, 0x08ef0000)
  from space 8512K,   0% used [0x09740000, 0x09740018, 0x09f90000)
  to   space 8512K,   0% used [0x08ef0000, 0x08ef0000, 0x09740000)
 tenured generation   total 171052K, used 133878K [0x0a150000, 0x1485b000, 0x14c00000)
   the space 171052K,  78% used [0x0a150000, 0x1240d960, 0x1240da00, 0x1485b000)
 Metaspace       used 4870K, capacity 5546K, committed 5632K, reserved 6528K
}
Event: 10.671 GC heap before
{Heap before GC invocations=301 (full 3):
 def new generation   total 77056K, used 68544K [0x04c00000, 0x09f90000, 0x0a150000)
  eden space 68544K, 100% used [0x04c00000, 0x08ef0000, 0x08ef0000)
  from space 8512K,   0% used [0x09740000, 0x09740018, 0x09f90000)
  to   space 8512K,   0% used [0x08ef0000, 0x08ef0000, 0x09740000)
 tenured generation   total 171052K, used 133878K [0x0a150000, 0x1485b000, 0x14c00000)
   the space 171052K,  78% used [0x0a150000, 0x1240d960, 0x1240da00, 0x1485b000)
 Metaspace       used 4870K, capacity 5546K, committed 5632K, reserved 6528K
Event: 10.672 GC heap after
Heap after GC invocations=302 (full 3):
 def new generation   total 77056K, used 0K [0x04c00000, 0x09f90000, 0x0a150000)
  eden space 68544K,   0% used [0x04c00000, 0x04c00000, 0x08ef0000)
  from space 8512K,   0% used [0x08ef0000, 0x08ef0050, 0x09740000)
  to   space 8512K,   0% used [0x09740000, 0x09740000, 0x09f90000)
 tenured generation   total 171052K, used 133878K [0x0a150000, 0x1485b000, 0x14c00000)
   the space 171052K,  78% used [0x0a150000, 0x1240d960, 0x1240da00, 0x1485b000)
 Metaspace       used 4870K, capacity 5546K, committed 5632K, reserved 6528K
}
Event: 10.763 GC heap before
{Heap before GC invocations=302 (full 3):
 def new generation   total 77056K, used 68544K [0x04c00000, 0x09f90000, 0x0a150000)
  eden space 68544K, 100% used [0x04c00000, 0x08ef0000, 0x08ef0000)
  from space 8512K,   0% used [0x08ef0000, 0x08ef0050, 0x09740000)
  to   space 8512K,   0% used [0x09740000, 0x09740000, 0x09f90000)
 tenured generation   total 171052K, used 133878K [0x0a150000, 0x1485b000, 0x14c00000)
   the space 171052K,  78% used [0x0a150000, 0x1240d960, 0x1240da00, 0x1485b000)
 Metaspace       used 4870K, capacity 5546K, committed 5632K, reserved 6528K
Event: 10.763 GC heap after
Heap after GC invocations=303 (full 3):
 def new generation   total 77056K, used 0K [0x04c00000, 0x09f90000, 0x0a150000)
  eden space 68544K,   0% used [0x04c00000, 0x04c00000, 0x08ef0000)
  from space 8512K,   0% used [0x09740000, 0x097400a0, 0x09f90000)
  to   space 8512K,   0% used [0x08ef0000, 0x08ef0000, 0x09740000)
 tenured generation   total 171052K, used 133878K [0x0a150000, 0x1485b000, 0x14c00000)
   the space 171052K,  78% used [0x0a150000, 0x1240d960, 0x1240da00, 0x1485b000)
 Metaspace       used 4870K, capacity 5546K, committed 5632K, reserved 6528K
}

Deoptimization events (0 events):
No events

Internal exceptions (10 events):
Event: 0.779 Thread 0x0272e800 Exception <a 'java/lang/NoSuchMethodError': java.lang.Object.lambda$accept$0(Lorg/junit/platform/engine/TestDescriptor$Visitor;Lorg/junit/platform/engine/TestDescriptor;)V> (0x05020900) thrown at [C:\ade\jenkins\workspace\8-2-build-owindows-i586-cygwin\jdk˜•»koÅÈ?
Event: 0.797 Thread 0x0272e800 Exception <a 'java/lang/NoSuchMethodError': java.lang.Object.containsTests(Lorg/junit/platform/engine/TestDescriptor;)Z> (0x04c0f3b0) thrown at [C:\ade\jenkins\workspace\8-2-build-owindows-i586-cygwin\jdk8u43\3435\hotspot\src\share\vm\interpreter\linkResol$≈∂˚≥Í?
Event: 0.834 Thread 0x0272e800 Exception <a 'java/lang/IncompatibleClassChangeError': Found class java.lang.Object, but interface was expected> (0x04c9a510) thrown at [C:\ade\jenkins\workspace\8-2-build-owindows-i586-cygwin\jdk8u43\3435\hotspot\src\share\vm\interpreter\linkResolver.cpp,éoîaÅ‘Ï?
Event: 0.901 Thread 0x0272e800 Exception <a 'java/lang/NoSuchMethodError': java.lang.Object.lambda$comparing$77a9974f$1(Ljava/util/function/Function;Ljava/lang/Object;Ljava/lang/Object;)I> (0x04dbe568) thrown at [C:\ade\jenkins\workspace\8-2-build-owindows-i586-cygwin\jdk8u43\3435\hotsp"ˆpüPŸ
Event: 0.907 Thread 0x0272e800 Exception <a 'java/lang/NoSuchMethodError': java.lang.Object.lambda$thenComparing$36697e65$1(Ljava/util/Comparator;Ljava/lang/Object;Ljava/lang/Object;)I> (0x04dcfaf0) thrown at [C:\ade\jenkins\workspace\8-2-build-owindows-i586-cygwin\jdk8u43\3435\hotspot\*Åﬁe–Ì?
Event: 0.910 Thread 0x0272e800 Exception <a 'java/lang/NoSuchMethodError': java.lang.Object.lambda$comparing$ea9a8b3a$1(Ljava/util/Comparator;Ljava/util/function/Function;Ljava/lang/Object;Ljava/lang/Object;)I> (0x04dd7540) thrown at [C:\ade\jenkins\workspace\8-2-build-owindows-i586-cygölÚJH:?
Event: 1.014 Thread 0x0272e800 Exception <a 'java/lang/NoSuchMethodError': java.lang.Object.lambda$comparingInt$7b0bb60$1(Ljava/util/function/ToIntFunction;Ljava/lang/Object;Ljava/lang/Object;)I> (0x04fce418) thrown at [C:\ade\jenkins\workspace\8-2-build-owindows-i586-cygwin\jdk8u43\343õ±√Û≠ Ò?
Event: 1.112 Thread 0x0272e800 Exception <a 'java/lang/NoSuchMethodError': java.lang.Object.lambda$and$10(Ljava/util/function/Predicate;Ljava/lang/Object;)Z> (0x04cebcc8) thrown at [C:\ade\jenkins\workspace\8-2-build-owindows-i586-cygwin\jdk8u43\3435\hotspot\src\share\vm\interpreter\lin€ë†Æ§Ú?
Event: 1.128 Thread 0x0272e800 Exception <a 'java/lang/IncompatibleClassChangeError': Found class java.lang.Object, but interface was expected> (0x04d31958) thrown at [C:\ade\jenkins\workspace\8-2-build-owindows-i586-cygwin\jdk8u43\3435\hotspot\src\share\vm\interpreter\linkResolver.cpp,1fRW@
Event: 93.282 Thread 0x0272e800 Exception <a 'java/lang/StackOverflowError'> (0x0533aeb8) thrown at [C:\ade\jenkins\workspace\8-2-build-owindows-i586-cygwin\jdk8u43\3435\hotspot\src\share\vm\interpreter\interpreterRuntime.cpp, line 323]

Events (10 events):
Event: 141.859 Executing VM operation: GetOrSetLocal
Event: 141.859 Executing VM operation: GetOrSetLocal done
Event: 141.859 Executing VM operation: GetOrSetLocal
Event: 141.859 Executing VM operation: GetOrSetLocal done
Event: 141.859 Executing VM operation: GetOrSetLocal
Event: 141.859 Executing VM operation: GetOrSetLocal done
Event: 141.860 Executing VM operation: GetOrSetLocal
Event: 141.860 Executing VM operation: GetOrSetLocal done
Event: 141.860 Executing VM operation: GetOrSetLocal
Event: 141.860 Executing VM operation: GetOrSetLocal done


Dynamic libraries:
0x002b0000 - 0x002e1000 	D:\java\OpenJDK-8\openjdk-8u43-windows-i586\java-se-8u43-ri\bin\java.exe
0x770e0000 - 0x7728f000 	C:\WINDOWS\SYSTEM32\ntdll.dll
0x75000000 - 0x750f0000 	C:\WINDOWS\System32\KERNEL32.DLL
0x74d80000 - 0x74ff3000 	C:\WINDOWS\System32\KERNELBASE.dll
0x71f20000 - 0x71fc6000 	C:\WINDOWS\SYSTEM32\apphelp.dll
0x750f0000 - 0x7516d000 	C:\WINDOWS\System32\ADVAPI32.dll
0x75ec0000 - 0x75f84000 	C:\WINDOWS\System32\msvcrt.dll
0x75f90000 - 0x76014000 	C:\WINDOWS\System32\sechost.dll
0x76670000 - 0x7672a000 	C:\WINDOWS\System32\RPCRT4.dll
0x75690000 - 0x75838000 	C:\WINDOWS\System32\USER32.dll
0x76020000 - 0x7603a000 	C:\WINDOWS\System32\win32u.dll
0x76e40000 - 0x76e63000 	C:\WINDOWS\System32\GDI32.dll
0x76fe0000 - 0x770c1000 	C:\WINDOWS\System32\gdi32full.dll
0x75390000 - 0x75409000 	C:\WINDOWS\System32\msvcp_win.dll
0x76230000 - 0x76342000 	C:\WINDOWS\System32\ucrtbase.dll
0x71b30000 - 0x71d58000 	C:\WINDOWS\WinSxS\x86_microsoft.windows.common-controls_6595b64144ccf1df_6.0.22621.2215_none_6ebaa93e880408c9\COMCTL32.dll
0x75c80000 - 0x75ca5000 	C:\WINDOWS\System32\IMM32.DLL
0x6deb0000 - 0x6df6f000 	D:\java\OpenJDK-8\openjdk-8u43-windows-i586\java-se-8u43-ri\jre\bin\msvcr100.dll
0x6db20000 - 0x6dea3000 	D:\java\OpenJDK-8\openjdk-8u43-windows-i586\java-se-8u43-ri\jre\bin\client\jvm.dll
0x763b0000 - 0x763b6000 	C:\WINDOWS\System32\PSAPI.DLL
0x72f60000 - 0x72f91000 	C:\WINDOWS\SYSTEM32\WINMM.dll
0x74d70000 - 0x74d78000 	C:\WINDOWS\SYSTEM32\VERSION.dll
0x74cf0000 - 0x74cf8000 	C:\WINDOWS\SYSTEM32\WSOCK32.dll
0x761d0000 - 0x7622f000 	C:\WINDOWS\System32\WS2_32.dll
0x74410000 - 0x7441c000 	D:\java\OpenJDK-8\openjdk-8u43-windows-i586\java-se-8u43-ri\jre\bin\verify.dll
0x743e0000 - 0x74401000 	D:\java\OpenJDK-8\openjdk-8u43-windows-i586\java-se-8u43-ri\jre\bin\java.dll
0x743b0000 - 0x743d9000 	D:\java\OpenJDK-8\openjdk-8u43-windows-i586\java-se-8u43-ri\jre\bin\jdwp.dll
0x743a0000 - 0x743a7000 	D:\java\OpenJDK-8\openjdk-8u43-windows-i586\java-se-8u43-ri\jre\bin\npt.dll
0x74310000 - 0x74330000 	D:\java\OpenJDK-8\openjdk-8u43-windows-i586\java-se-8u43-ri\jre\bin\instrument.dll
0x742f0000 - 0x74303000 	D:\java\OpenJDK-8\openjdk-8u43-windows-i586\java-se-8u43-ri\jre\bin\zip.dll
0x767b0000 - 0x76e3f000 	C:\WINDOWS\System32\SHELL32.dll
0x73430000 - 0x73b13000 	C:\WINDOWS\SYSTEM32\windows.storage.dll
0x75410000 - 0x7568c000 	C:\WINDOWS\System32\combase.dll
0x73360000 - 0x73427000 	C:\WINDOWS\SYSTEM32\wintypes.dll
0x76420000 - 0x764e1000 	C:\WINDOWS\System32\SHCORE.dll
0x75170000 - 0x751bb000 	C:\WINDOWS\System32\shlwapi.dll
0x73340000 - 0x7335d000 	C:\WINDOWS\SYSTEM32\profapi.dll
0x742e0000 - 0x742e8000 	D:\java\OpenJDK-8\openjdk-8u43-windows-i586\java-se-8u43-ri\jre\bin\dt_socket.dll
0x745c0000 - 0x74611000 	C:\WINDOWS\system32\mswsock.dll
0x72ce0000 - 0x72eb2000 	C:\WINDOWS\SYSTEM32\dbghelp.dll
0x75cb0000 - 0x75d4c000 	C:\WINDOWS\System32\OLEAUT32.dll
0x76730000 - 0x76792000 	C:\WINDOWS\System32\bcryptPrimitives.dll

VM Arguments:
jvm_args: -agentlib:jdwp=transport=dt_socket,address=127.0.0.1:2266,suspend=y,server=n -ea -Didea.test.cyclic.buffer.size=1048576 -javaagent:C:\Users\Ahmed\AppData\Local\JetBrains\IdeaIC2023.2\captureAgent\debugger-agent.jar -Dfile.encoding=UTF-8 
java_command: com.intellij.rt.junit.JUnitStarter -ideVersion5 -junit5 org.example.Algos.MedianOfMediansTest,findMedianTestHundredElementsArray
java_class_path (initial): C:\Users\Ahmed\.m2\repository\org\junit\platform\junit-platform-launcher\1.9.2\junit-platform-launcher-1.9.2.jar;C:\Users\Ahmed\.m2\repository\org\junit\platform\junit-platform-engine\1.9.2\junit-platform-engine-1.9.2.jar;C:\Users\Ahmed\.m2\repository\org\junit\jupiter\junit-jupiter-engine\5.9.2\junit-jupiter-engine-5.9.2.jar;D:\JetBrains\Intellij\IntelliJ IDEA Community Edition 2022.1.4\lib\idea_rt.jar;D:\JetBrains\Intellij\IntelliJ IDEA Community Edition 2022.1.4\plugins\junit\lib\junit5-rt.jar;D:\JetBrains\Intellij\IntelliJ IDEA Community Edition 2022.1.4\plugins\junit\lib\junit-rt.jar;D:\java\OpenJDK-8\openjdk-8u43-windows-i586\java-se-8u43-ri\jre\lib\charsets.jar;D:\java\OpenJDK-8\openjdk-8u43-windows-i586\java-se-8u43-ri\jre\lib\ext\cldrdata.jar;D:\java\OpenJDK-8\openjdk-8u43-windows-i586\java-se-8u43-ri\jre\lib\ext\dnsns.jar;D:\java\OpenJDK-8\openjdk-8u43-windows-i586\java-se-8u43-ri\jre\lib\ext\localedata.jar;D:\java\OpenJDK-8\openjdk-8u43-windows-i586\java-se-8u43-ri\jre\lib\ext\nashorn.jar;D:\java\OpenJDK-8\openjdk-8u43-windows-i586\java-se-8u43-ri\jre\lib\ext\sunec.jar;D:\java\OpenJDK-8\openjdk-8u43-windows-i586\java-se-8u43-ri\jre\lib\ext\sunjce_provider.jar;D:\java\OpenJDK-8\openjdk-8u43-windows-i586\java-se-8u43-ri\jre\lib\ext\sunmscapi.jar;D:\java\OpenJDK-8\openjdk-8u43-windows-i586\java-se-8u43-ri\jre\lib\ext\sunpkcs11.jar;D:\java\OpenJDK-8\openjdk-8u43-windows-i586\java-se-8u43-ri\jre\lib\ext\zipfs.jar;D:\java\OpenJDK-8\openjdk-8u43-windows-i586\java-se-8u43-ri\jre\lib\jce.jar;D:\java\OpenJDK-8\openjdk-8u43-windows-i586\java-se-8u43-ri\jre\lib\jsse.jar;D:\java\OpenJDK-8\openjdk-8u43-windows-i586\java-se-8u43-ri\jre\lib\management-agent.jar;D:\java\OpenJDK-8\openjdk-8u43-windows-i586\java-se-8u43-ri\jre\lib\resources.jar;D:\java\OpenJDK-8\openjdk-8u43-windows-i586\java-se-8u43-ri\jre\lib\rt.jar;D:\University\3rdYear\1st Semester\Algorithms\Assignments\Algorithms-Assignment1\target\test-classes;D:\University\3rdYear\1st Se
Launcher Type: SUN_STANDARD

Environment Variables:
JAVA_HOME=C:\Users\Ahmed\.jdks\openjdk-19
PATH=C:\Program Files\Alacritty\;C:\Python311\Scripts\;C:\Python311\;C:\Program Files\Common Files\Oracle\Java\javapath;C:\Program Files (x86)\Common Files\Oracle\Java\javapath;C:\WINDOWS\system32;C:\WINDOWS;C:\WINDOWS\System32\Wbem;C:\WINDOWS\System32\WindowsPowerShell\v1.0\;C:\WINDOWS\System32\OpenSSH\;D:\node\;C:\ProgramData\chocolatey\bin;D:\ghClient\;C:\Program Files\Docker\Docker\resources\bin;D:\Git-Version_Control_History\Git\cmd;C:\Users\Ahmed\AppData\Local\Microsoft\WindowsApps;D:\VSCode\Microsoft VS Code\bin;D:\JetBrains\Intellij\IntelliJ IDEA Community Edition 2022.1.4\bin;C:\Users\Ahmed\AppData\Roaming\npm;C:\Users\Ahmed\AppData\Local\GitHubDesktop\bin;D:\JetBrains\CLion\CLion 2022.1.3\bin;C:\Users\Ahmed\.jdks\openjdk-19\bin;D:\Java_Stuff\jdk-19\bin;C:\Program Files\Common Files\Oracle\Java\javapath;D:\MinGW\bin;D:\C_Compiler\bin;D:\C_Compiler\mingw;C:\Users\Ahmed\AppData\Local\Coursier\data\bin;C:\Users\Ahmed\AppData\Local\Microsoft\WindowsApps;D:\prolog\swipl\bin;D:\JetBrains\WebStorm\WebStorm 2023.1.1\bin;D:\Exercism_Logical_Paradigm;D:\Nmap;C:\Users\Ahmed\AppData\Local\Programs\oh-my-posh\bin;C:\Users\Ahmed\AppData\Local\gitkraken\bin;C:\Users\Ahmed\AppData\Local\JetBrains\Toolbox\scripts;
USERNAME=Ahmed
OS=Windows_NT
PROCESSOR_IDENTIFIER=Intel64 Family 6 Model 142 Stepping 12, GenuineIntel



---------------  S Y S T E M  ---------------

OS: Windows 10.0 , 64 bit Build 22621 (10.0.22621.2215)

CPU:total 8 (4 cores per cpu, 2 threads per core) family 6 model 142 stepping 12, cmov, cx8, fxsr, mmx, sse, sse2, sse3, ssse3, sse4.1, sse4.2, popcnt, avx, avx2, aes, clmul, erms, 3dnowpref, lzcnt, ht, tsc, tscinvbit, bmi1, bmi2, adx

Memory: 4k page, physical 20813460k(7986988k free), swap 26318484k(7021960k free)

vm_info: OpenJDK Client VM (25.40-b25) for windows-x86 JRE (1.8.0_43-b03), built on Apr 11 2023 02:30:58 by "java_re" with MS VC++ 10.0 (VS2010)

time: Tue Nov 07 17:23:33 2023
elapsed time: 164 seconds (0d 0h 2m 44s)

